<?xml version="1.0" encoding="UTF-8"?>
<!-- Generated by org.testng.reporters.JUnitReportReporter -->
<testsuite skipped="0" hostname="INPNQRS172" name="com.sbdb.apiTest.SBDBClosedApproachDataTestSuite" tests="2" failures="0" timestamp="2021-03-21T20:33:35 IST" time="4.450" errors="0">
  <testcase name="verifySBDBResponseDateFilteredWithinDateRange" time="1.938" classname="com.sbdb.apiTest.SBDBClosedApproachDataTestSuite"/>
  <system-out/>
  <testcase name="verifyGetAllSBDBClosedApproachData" time="2.512" classname="com.sbdb.apiTest.SBDBClosedApproachDataTestSuite"/>
  <system-out/>
</testsuite> <!-- com.sbdb.apiTest.SBDBClosedApproachDataTestSuite -->
